Determining if the include file in6addr.h exists failed with the following output:
Change Dir: /home/pi/RPI-MQQT-AP/libwebsockets-1.4-chrome43-firefox-36/build/CMakeFiles/CMakeTmp

Run Build Command:"/usr/bin/make" "cmTryCompileExec3612302716/fast"
/usr/bin/make -f CMakeFiles/cmTryCompileExec3612302716.dir/build.make CMakeFiles/cmTryCompileExec3612302716.dir/build
make[1]: Entering directory '/home/pi/RPI-MQQT-AP/libwebsockets-1.4-chrome43-firefox-36/build/CMakeFiles/CMakeTmp'
/usr/bin/cmake -E cmake_progress_report /home/pi/RPI-MQQT-AP/libwebsockets-1.4-chrome43-firefox-36/build/CMakeFiles/CMakeTmp/CMakeFiles 1
Building C object CMakeFiles/cmTryCompileExec3612302716.dir/CheckIncludeFile.c.o
/usr/bin/cc  -DKEYWORD=__inline  -o CMakeFiles/cmTryCompileExec3612302716.dir/CheckIncludeFile.c.o   -c /home/pi/RPI-MQQT-AP/libwebsockets-1.4-chrome43-firefox-36/build/CMakeFiles/CMakeTmp/CheckIncludeFile.c
/home/pi/RPI-MQQT-AP/libwebsockets-1.4-chrome43-firefox-36/build/CMakeFiles/CMakeTmp/CheckIncludeFile.c:1:21: fatal error: in6addr.h: No such file or directory
 #include <in6addr.h>
                     ^
compilation terminated.
CMakeFiles/cmTryCompileExec3612302716.dir/build.make:57: recipe for target 'CMakeFiles/cmTryCompileExec3612302716.dir/CheckIncludeFile.c.o' failed
make[1]: *** [CMakeFiles/cmTryCompileExec3612302716.dir/CheckIncludeFile.c.o] Error 1
make[1]: Leaving directory '/home/pi/RPI-MQQT-AP/libwebsockets-1.4-chrome43-firefox-36/build/CMakeFiles/CMakeTmp'
Makefile:118: recipe for target 'cmTryCompileExec3612302716/fast' failed
make: *** [cmTryCompileExec3612302716/fast] Error 2


Determining if the include file vfork.h exists failed with the following output:
Change Dir: /home/pi/RPI-MQQT-AP/libwebsockets-1.4-chrome43-firefox-36/build/CMakeFiles/CMakeTmp

Run Build Command:"/usr/bin/make" "cmTryCompileExec1572586918/fast"
/usr/bin/make -f CMakeFiles/cmTryCompileExec1572586918.dir/build.make CMakeFiles/cmTryCompileExec1572586918.dir/build
make[1]: Entering directory '/home/pi/RPI-MQQT-AP/libwebsockets-1.4-chrome43-firefox-36/build/CMakeFiles/CMakeTmp'
/usr/bin/cmake -E cmake_progress_report /home/pi/RPI-MQQT-AP/libwebsockets-1.4-chrome43-firefox-36/build/CMakeFiles/CMakeTmp/CMakeFiles 1
Building C object CMakeFiles/cmTryCompileExec1572586918.dir/CheckIncludeFile.c.o
/usr/bin/cc  -DKEYWORD=__inline  -o CMakeFiles/cmTryCompileExec1572586918.dir/CheckIncludeFile.c.o   -c /home/pi/RPI-MQQT-AP/libwebsockets-1.4-chrome43-firefox-36/build/CMakeFiles/CMakeTmp/CheckIncludeFile.c
/home/pi/RPI-MQQT-AP/libwebsockets-1.4-chrome43-firefox-36/build/CMakeFiles/CMakeTmp/CheckIncludeFile.c:1:19: fatal error: vfork.h: No such file or directory
 #include <vfork.h>
                   ^
compilation terminated.
CMakeFiles/cmTryCompileExec1572586918.dir/build.make:57: recipe for target 'CMakeFiles/cmTryCompileExec1572586918.dir/CheckIncludeFile.c.o' failed
make[1]: *** [CMakeFiles/cmTryCompileExec1572586918.dir/CheckIncludeFile.c.o] Error 1
make[1]: Leaving directory '/home/pi/RPI-MQQT-AP/libwebsockets-1.4-chrome43-firefox-36/build/CMakeFiles/CMakeTmp'
Makefile:118: recipe for target 'cmTryCompileExec1572586918/fast' failed
make: *** [cmTryCompileExec1572586918/fast] Error 2


